
> cloneprj@0.0.0 dev
> vite


  VITE v6.0.11  ready in 114 ms

  ➜  Local:   http://localhost:3000/
  ➜  Network: http://192.168.1.8:3000/

> cloneprj@0.0.0 dev
> vite


  VITE v6.0.11  ready in 111 ms

  ➜  Local:   http://localhost:3000/
  ➜  Network: http://192.168.1.8:3000/

> cloneprj@0.0.0 dev
> vite


  VITE v6.0.11  ready in 107 ms

  ➜  Local:   http://localhost:3000/
  ➜  Network: http://192.168.1.8:3000/

> cloneprj@0.0.0 dev
> vite


  VITE v6.0.11  ready in 109 ms

  ➜  Local:   http://localhost:3000/
  ➜  Network: http://192.168.1.8:3000/
